{"id":"192.168.33.1.tm158144517546000001","wasCommitted":true,"participants":[{"uri":"192.168.33.1.tm1","state":"COMMITTING","expires":1581445475525,"resourceName":"customersDataSource"}]}
{"id":"192.168.33.1.tm158144517546000001","wasCommitted":true,"participants":[{"uri":"192.168.33.1.tm1","state":"TERMINATED","expires":1581445475527,"resourceName":"customersDataSource"}]}
{"id":"192.168.33.1.tm158144517552900002","wasCommitted":true,"participants":[{"uri":"192.168.33.1.tm2","state":"COMMITTING","expires":1581445475533,"resourceName":"customersDataSource"}]}
{"id":"192.168.33.1.tm158144517552900002","wasCommitted":true,"participants":[{"uri":"192.168.33.1.tm2","state":"TERMINATED","expires":1581445475533,"resourceName":"customersDataSource"}]}
{"id":"192.168.33.1.tm158144517553500003","wasCommitted":true,"participants":[{"uri":"192.168.33.1.tm3","state":"COMMITTING","expires":1581445475558,"resourceName":"ordersDataSource"}]}
{"id":"192.168.33.1.tm158144517553500003","wasCommitted":true,"participants":[{"uri":"192.168.33.1.tm3","state":"TERMINATED","expires":1581445475558,"resourceName":"ordersDataSource"}]}
{"id":"192.168.33.1.tm158144517555800004","wasCommitted":true,"participants":[{"uri":"192.168.33.1.tm4","state":"COMMITTING","expires":1581445475561,"resourceName":"ordersDataSource"}]}
{"id":"192.168.33.1.tm158144517555800004","wasCommitted":true,"participants":[{"uri":"192.168.33.1.tm4","state":"TERMINATED","expires":1581445475562,"resourceName":"ordersDataSource"}]}
{"id":"192.168.33.1.tm158144517556200005","wasCommitted":true,"participants":[{"uri":"192.168.33.1.tm5","state":"COMMITTING","expires":1581445475578,"resourceName":"ordersDataSource"}]}
{"id":"192.168.33.1.tm158144517556200005","wasCommitted":true,"participants":[{"uri":"192.168.33.1.tm5","state":"TERMINATED","expires":1581445475579,"resourceName":"ordersDataSource"}]}
{"id":"192.168.33.1.tm158144517558000006","wasCommitted":true,"participants":[{"uri":"192.168.33.1.tm6","state":"COMMITTING","expires":1581445475617,"resourceName":"ordersDataSource"}]}
{"id":"192.168.33.1.tm158144517558000006","wasCommitted":true,"participants":[{"uri":"192.168.33.1.tm6","state":"TERMINATED","expires":1581445475617,"resourceName":"ordersDataSource"}]}
{"id":"192.168.33.1.tm158144517561800007","wasCommitted":true,"participants":[{"uri":"192.168.33.1.tm7","state":"COMMITTING","expires":1581445475622,"resourceName":"purchasesDataSource"}]}
{"id":"192.168.33.1.tm158144517561800007","wasCommitted":true,"participants":[{"uri":"192.168.33.1.tm7","state":"TERMINATED","expires":1581445475623,"resourceName":"purchasesDataSource"}]}
{"id":"192.168.33.1.tm158144517562600008","wasCommitted":true,"participants":[{"uri":"192.168.33.1.tm8","state":"COMMITTING","expires":1581445475653,"resourceName":"devisesDataSource"}]}
{"id":"192.168.33.1.tm158144517562600008","wasCommitted":true,"participants":[{"uri":"192.168.33.1.tm8","state":"TERMINATED","expires":1581445475653,"resourceName":"devisesDataSource"}]}
{"id":"192.168.33.1.tm158144517565400009","wasCommitted":true,"participants":[{"uri":"192.168.33.1.tm9","state":"COMMITTING","expires":1581445475657,"resourceName":"devisesDataSource"}]}
{"id":"192.168.33.1.tm158144517565400009","wasCommitted":true,"participants":[{"uri":"192.168.33.1.tm9","state":"TERMINATED","expires":1581445475658,"resourceName":"devisesDataSource"}]}
{"id":"192.168.33.1.tm158144517565800010","wasCommitted":true,"participants":[{"uri":"192.168.33.1.tm10","state":"COMMITTING","expires":1581445475659,"resourceName":"devisesDataSource"}]}
{"id":"192.168.33.1.tm158144517565800010","wasCommitted":true,"participants":[{"uri":"192.168.33.1.tm10","state":"TERMINATED","expires":1581445475660,"resourceName":"devisesDataSource"}]}
{"id":"192.168.33.1.tm158144517566000011","wasCommitted":true,"participants":[{"uri":"192.168.33.1.tm11","state":"COMMITTING","expires":1581445475663,"resourceName":"devisesDataSource"}]}
{"id":"192.168.33.1.tm158144517566000011","wasCommitted":true,"participants":[{"uri":"192.168.33.1.tm11","state":"TERMINATED","expires":1581445475664,"resourceName":"devisesDataSource"}]}
{"id":"192.168.33.1.tm158144517758800012","wasCommitted":true,"participants":[{"uri":"192.168.33.1.tm12","state":"COMMITTING","expires":1581445477593,"resourceName":"ordersDataSource"}]}
{"id":"192.168.33.1.tm158144517758800012","wasCommitted":true,"participants":[{"uri":"192.168.33.1.tm12","state":"TERMINATED","expires":1581445477594,"resourceName":"ordersDataSource"}]}
{"id":"192.168.33.1.tm158144517759400013","wasCommitted":true,"participants":[{"uri":"192.168.33.1.tm13","state":"COMMITTING","expires":1581445477600,"resourceName":"ordersDataSource"}]}
{"id":"192.168.33.1.tm158144517759400013","wasCommitted":true,"participants":[{"uri":"192.168.33.1.tm13","state":"TERMINATED","expires":1581445477601,"resourceName":"ordersDataSource"}]}
{"id":"192.168.33.1.tm158144517760100014","wasCommitted":true,"participants":[{"uri":"192.168.33.1.tm14","state":"COMMITTING","expires":1581445477647,"resourceName":"ordersDataSource"},{"uri":"192.168.33.1.tm15","state":"COMMITTING","expires":1581445477647,"resourceName":"purchasesDataSource"},{"uri":"192.168.33.1.tm16","state":"COMMITTING","expires":1581445477647,"resourceName":"customersDataSource"}]}
{"id":"192.168.33.1.tm158144517760100014","wasCommitted":true,"participants":[{"uri":"192.168.33.1.tm14","state":"TERMINATED","expires":1581445477697,"resourceName":"ordersDataSource"},{"uri":"192.168.33.1.tm15","state":"TERMINATED","expires":1581445477697,"resourceName":"purchasesDataSource"},{"uri":"192.168.33.1.tm16","state":"TERMINATED","expires":1581445477697,"resourceName":"customersDataSource"}]}
{"id":"192.168.33.1.tm158144517770100015","wasCommitted":true,"participants":[{"uri":"192.168.33.1.tm17","state":"COMMITTING","expires":1581445477704,"resourceName":"ordersDataSource"}]}
{"id":"192.168.33.1.tm158144517770100015","wasCommitted":true,"participants":[{"uri":"192.168.33.1.tm17","state":"TERMINATED","expires":1581445477704,"resourceName":"ordersDataSource"}]}
{"id":"192.168.33.1.tm158144517771900016","wasCommitted":true,"participants":[{"uri":"192.168.33.1.tm18","state":"COMMITTING","expires":1581445477720,"resourceName":"ordersDataSource"}]}
{"id":"192.168.33.1.tm158144517771900016","wasCommitted":true,"participants":[{"uri":"192.168.33.1.tm18","state":"TERMINATED","expires":1581445477720,"resourceName":"ordersDataSource"}]}
{"id":"192.168.33.1.tm158144517772000017","wasCommitted":true,"participants":[{"uri":"192.168.33.1.tm19","state":"COMMITTING","expires":1581445477721,"resourceName":"ordersDataSource"}]}
{"id":"192.168.33.1.tm158144517772000017","wasCommitted":true,"participants":[{"uri":"192.168.33.1.tm19","state":"TERMINATED","expires":1581445477722,"resourceName":"ordersDataSource"}]}
{"id":"192.168.33.1.tm158144517772200018","wasCommitted":true,"participants":[{"uri":"192.168.33.1.tm20","state":"COMMITTING","expires":1581445477843,"resourceName":"ordersDataSource"}]}
{"id":"192.168.33.1.tm158144517772200018","wasCommitted":true,"participants":[{"uri":"192.168.33.1.tm20","state":"TERMINATED","expires":1581445477843,"resourceName":"ordersDataSource"}]}
{"id":"192.168.33.1.tm158144517784500019","wasCommitted":true,"participants":[{"uri":"192.168.33.1.tm21","state":"COMMITTING","expires":1581445477852,"resourceName":"purchasesDataSource"}]}
{"id":"192.168.33.1.tm158144517784500019","wasCommitted":true,"participants":[{"uri":"192.168.33.1.tm21","state":"TERMINATED","expires":1581445477852,"resourceName":"purchasesDataSource"}]}
{"id":"192.168.33.1.tm158144517785300020","wasCommitted":false,"participants":[{"uri":"192.168.33.1.tm22","state":"TERMINATED","expires":1581445477860,"resourceName":"ordersDataSource"},{"uri":"192.168.33.1.tm23","state":"TERMINATED","expires":1581445477860,"resourceName":"purchasesDataSource"},{"uri":"192.168.33.1.tm24","state":"TERMINATED","expires":1581445477860,"resourceName":"customersDataSource"}]}
{"id":"192.168.33.1.tm158144517786200021","wasCommitted":true,"participants":[{"uri":"192.168.33.1.tm25","state":"COMMITTING","expires":1581445477864,"resourceName":"ordersDataSource"}]}
{"id":"192.168.33.1.tm158144517786200021","wasCommitted":true,"participants":[{"uri":"192.168.33.1.tm25","state":"TERMINATED","expires":1581445477865,"resourceName":"ordersDataSource"}]}
{"id":"192.168.33.1.tm158144517786600022","wasCommitted":true,"participants":[{"uri":"192.168.33.1.tm26","state":"COMMITTING","expires":1581445477867,"resourceName":"purchasesDataSource"}]}
{"id":"192.168.33.1.tm158144517786600022","wasCommitted":true,"participants":[{"uri":"192.168.33.1.tm26","state":"TERMINATED","expires":1581445477867,"resourceName":"purchasesDataSource"}]}
{"id":"192.168.33.1.tm158144517792100023","wasCommitted":true,"participants":[{"uri":"192.168.33.1.tm27","state":"COMMITTING","expires":1581445477922,"resourceName":"devisesDataSource"}]}
{"id":"192.168.33.1.tm158144517792100023","wasCommitted":true,"participants":[{"uri":"192.168.33.1.tm27","state":"TERMINATED","expires":1581445477923,"resourceName":"devisesDataSource"}]}
{"id":"192.168.33.1.tm158144517792300024","wasCommitted":true,"participants":[{"uri":"192.168.33.1.tm28","state":"COMMITTING","expires":1581445477924,"resourceName":"devisesDataSource"}]}
{"id":"192.168.33.1.tm158144517792300024","wasCommitted":true,"participants":[{"uri":"192.168.33.1.tm28","state":"TERMINATED","expires":1581445477925,"resourceName":"devisesDataSource"}]}
